<?xml version="1.0" encoding="UTF-8"?>
<!-- Generated by org.testng.reporters.JUnitXMLReporter -->
<testsuite ignored="0" hostname="DESKTOP-2EDHOMH" failures="0" tests="4" name="Test" time="112.337" errors="0" timestamp="2020-03-26T11:01:46 IST">
  <testcase classname="Test_Cases.Project_TestNg" name="Logindata" time="20.192"/>
  <testcase classname="Test_Cases.Project_TestNg" name="Logindata" time="10.231"/>
  <testcase classname="Test_Cases.Project_TestNg2" name="Logindata" time="19.642"/>
  <testcase classname="Test_Cases.Project_TestNg2" name="Logindata" time="9.497"/>
</testsuite> <!-- Test -->
