<?xml version="1.0" encoding="UTF-8"?>
<testsuite xmlns:xsi="http://www.w3.org/2001/XMLSchema-instance" xsi:noNamespaceSchemaLocation="https://maven.apache.org/surefire/maven-surefire-plugin/xsd/surefire-test-report.xsd" name="TestSuite" time="113.106" tests="4" errors="0" skipped="0" failures="0">
  <properties>
[...]
</properties>
  <testcase name="Logindata" classname="Test_Cases.Project_TestNg" time="20.197"/>
  <testcase name="Logindata" classname="Test_Cases.Project_TestNg" time="10.231"/>
  <testcase name="Logindata" classname="Test_Cases.Project_TestNg2" time="19.642"/>
  <testcase name="Logindata" classname="Test_Cases.Project_TestNg2" time="9.498"/>
</testsuite>