<?xml version="1.0" encoding="UTF-8"?>
<testng-results ignored="0" total="4" passed="4" failed="0" skipped="0">
  <reporter-output>
  </reporter-output>
  <suite started-at="2020-03-26T10:59:54 IST" name="Suite" finished-at="2020-03-26T11:01:46 IST" duration-ms="112337">
    <groups>
    </groups>
    <test started-at="2020-03-26T10:59:54 IST" name="Test" finished-at="2020-03-26T11:01:46 IST" duration-ms="112337">
      <class name="Test_Cases.Project_TestNg">
        <test-method is-config="true" signature="beforeMethod()[pri:0, instance:Test_Cases.Project_TestNg@448ff1a8]" started-at="2020-03-26T10:59:54 IST" name="beforeMethod" finished-at="2020-03-26T10:59:54 IST" duration-ms="430" status="PASS">
          <reporter-output>
          </reporter-output>
        </test-method> <!-- beforeMethod -->
        <test-method signature="Logindata(java.lang.String, java.lang.String)[pri:0, instance:Test_Cases.Project_TestNg@448ff1a8]" started-at="2020-03-26T10:59:54 IST" name="Logindata" data-provider="logindata" finished-at="2020-03-26T11:00:14 IST" duration-ms="20192" status="PASS">
          <params>
            <param index="0">
              <value>
                <![CDATA[performance_glitch_user]]>
              </value>
            </param>
            <param index="1">
              <value>
                <![CDATA[secret_sauce]]>
              </value>
            </param>
          </params>
          <reporter-output>
          </reporter-output>
        </test-method> <!-- Logindata -->
        <test-method is-config="true" signature="hd()[pri:0, instance:Test_Cases.Project_TestNg@448ff1a8]" started-at="2020-03-26T11:00:14 IST" name="hd" finished-at="2020-03-26T11:00:24 IST" duration-ms="9523" status="PASS">
          <reporter-output>
          </reporter-output>
        </test-method> <!-- hd -->
        <test-method signature="Logindata(java.lang.String, java.lang.String)[pri:0, instance:Test_Cases.Project_TestNg@448ff1a8]" started-at="2020-03-26T11:00:24 IST" name="Logindata" data-provider="logindata" finished-at="2020-03-26T11:00:34 IST" duration-ms="10231" status="PASS">
          <params>
            <param index="0">
              <value>
                <![CDATA[standard_user]]>
              </value>
            </param>
            <param index="1">
              <value>
                <![CDATA[secret_sauce]]>
              </value>
            </param>
          </params>
          <reporter-output>
          </reporter-output>
        </test-method> <!-- Logindata -->
        <test-method is-config="true" signature="hd()[pri:0, instance:Test_Cases.Project_TestNg@448ff1a8]" started-at="2020-03-26T11:00:34 IST" name="hd" finished-at="2020-03-26T11:00:44 IST" duration-ms="9435" status="PASS">
          <reporter-output>
          </reporter-output>
        </test-method> <!-- hd -->
      </class> <!-- Test_Cases.Project_TestNg -->
      <class name="Test_Cases.Project_TestNg2">
        <test-method is-config="true" signature="beforeMethod()[pri:0, instance:Test_Cases.Project_TestNg2@1a38c59b]" started-at="2020-03-26T11:00:44 IST" name="beforeMethod" finished-at="2020-03-26T11:00:44 IST" duration-ms="61" status="PASS">
          <reporter-output>
          </reporter-output>
        </test-method> <!-- beforeMethod -->
        <test-method signature="Logindata(java.lang.String, java.lang.String)[pri:0, instance:Test_Cases.Project_TestNg2@1a38c59b]" started-at="2020-03-26T11:00:44 IST" name="Logindata" data-provider="logindata" finished-at="2020-03-26T11:01:03 IST" duration-ms="19642" status="PASS">
          <params>
            <param index="0">
              <value>
                <![CDATA[performance_glitch_user]]>
              </value>
            </param>
            <param index="1">
              <value>
                <![CDATA[secret_sauce]]>
              </value>
            </param>
          </params>
          <reporter-output>
          </reporter-output>
        </test-method> <!-- Logindata -->
        <test-method is-config="true" signature="hd()[pri:0, instance:Test_Cases.Project_TestNg2@1a38c59b]" started-at="2020-03-26T11:01:03 IST" name="hd" finished-at="2020-03-26T11:01:19 IST" duration-ms="15947" status="PASS">
          <reporter-output>
          </reporter-output>
        </test-method> <!-- hd -->
        <test-method signature="Logindata(java.lang.String, java.lang.String)[pri:0, instance:Test_Cases.Project_TestNg2@1a38c59b]" started-at="2020-03-26T11:01:19 IST" name="Logindata" data-provider="logindata" finished-at="2020-03-26T11:01:29 IST" duration-ms="9497" status="PASS">
          <params>
            <param index="0">
              <value>
                <![CDATA[standard_user]]>
              </value>
            </param>
            <param index="1">
              <value>
                <![CDATA[secret_sauce]]>
              </value>
            </param>
          </params>
          <reporter-output>
          </reporter-output>
        </test-method> <!-- Logindata -->
        <test-method is-config="true" signature="hd()[pri:0, instance:Test_Cases.Project_TestNg2@1a38c59b]" started-at="2020-03-26T11:01:29 IST" name="hd" finished-at="2020-03-26T11:01:46 IST" duration-ms="17340" status="PASS">
          <reporter-output>
          </reporter-output>
        </test-method> <!-- hd -->
      </class> <!-- Test_Cases.Project_TestNg2 -->
    </test> <!-- Test -->
  </suite> <!-- Suite -->
</testng-results>
